********************************************************************************
DUPLICATOR-LITE PACKAGE-LOG: 20/03/2018 03:59
NOTICE: Do NOT post to public sites or forums 
********************************************************************************
VERSION:	1.2.34
WORDPRESS:	4.9.4
PHP INFO:	5.6.31 | SAPI: apache2handler
SERVER:		Apache/2.4.26 (Win32) OpenSSL/1.0.2l PHP/5.6.31 
PHP TIME LIMIT: (0) no time limit imposed 
PHP MAX MEMORY: 2048M (128M default) 
MEMORY STACK: 47.25MB 

********************************************************************************
DATABASE:
********************************************************************************
BUILD MODE:   MYSQLDUMP
MYSQLTIMEOUT: 5000
MYSQLDUMP:    Is Supported 
FILTERED: [] 
RESPONSE: Ran from C:/xampp/mysql/bin/mysqldump.exe 
TABLES: total:43 | filtered:0 | create:43 
SQL CREATED: btlnhom2_7c24a1aec1546f442729180320035837_database.sql 
SQL FILE SIZE: 1.19MB (1248149) 
SQL FILE TIME: 2018-03-20 03:59:46 
SQL RUNTIME: 1.26 sec. 

******************************************************************************** 
ARCHIVE (ZIP): 
******************************************************************************** 
ARCHIVE DIR:  C:/xampp/htdocs/btlnhom2 
ARCHIVE FILE: btlnhom2_7c24a1aec1546f442729180320035837_archive.zip 
FILTERS: *OFF* 
DIRS:
	not set 
FILES:
	not set 
EXTS:  not set 
---------------------------------------- 
COMPRESSING 
SIZE:	121.42MB 
STATS:	Dirs 1,198 | Files 7,096 
SQL ADDED: btlnhom2_7c24a1aec1546f442729180320035837_database.sql 
ZipArchive Object
(
    [status] => 0
    [statusSys] => 0
    [numFiles] => 8294
    [filename] => C:\xampp\htdocs\btlnhom2\wp-snapshots\tmp\btlnhom2_7c24a1aec1546f442729180320035837_archive.zip
    [comment] => 
)
 
COMPRESSION RESULT: '1' 
COMPRESSED SIZE: 58.95MB 
ARCHIVE RUNTIME: 98.01 sec. 
MEMORY STACK: 49.5MB 

******************************************************************************** 
MAKE INSTALLER: 
******************************************************************************** 
Build Start 
Build Finished 
Preping for use 
PACK SIZE:  
Template parsed with new data 
Complete [C:/xampp/htdocs/btlnhom2/wp-snapshots/tmp/btlnhom2_7c24a1aec1546f442729180320035837_installer.php] 
Added to archive 

******************************************************************************** 
INTEGRITY CHECKS: 
******************************************************************************** 
SQL File: 1.19MB 
Installer File: 445.24KB 
Archive File: 58.95MB  

********************************************************************************
RECORD ID:[2]
TOTAL PROCESS RUNTIME: 104.72 sec.
PEAK PHP MEMORY USED: 51.5MB
DONE PROCESSING => btlnhom2 20/03/2018 04:01
 
