********************************************************************************
DUPLICATOR-LITE PACKAGE-LOG: March 16, 2018 3:09 pm
NOTICE: Do NOT post to public sites or forums 
********************************************************************************
VERSION:	1.2.34
WORDPRESS:	4.9.4
PHP INFO:	5.6.31 | SAPI: apache2handler
SERVER:		Apache/2.4.26 (Win32) OpenSSL/1.0.2l PHP/5.6.31 
PHP TIME LIMIT: (0) no time limit imposed 
PHP MAX MEMORY: 2048M (128M default) 
MEMORY STACK: 44.25MB 

********************************************************************************
DATABASE:
********************************************************************************
BUILD MODE:   MYSQLDUMP
MYSQLTIMEOUT: 5000
MYSQLDUMP:    Is Supported 
FILTERED: [] 
RESPONSE: Ran from C:/xampp/mysql/bin/mysqldump.exe 
TABLES: total:37 | filtered:0 | create:37 
SQL CREATED: btlnhom2_1d186d64b827709d3613180316150826_database.sql 
SQL FILE SIZE: 1.08MB (1136887) 
SQL FILE TIME: 2018-03-16 15:09:09 
SQL RUNTIME: 1.96 sec. 

******************************************************************************** 
ARCHIVE (ZIP): 
******************************************************************************** 
ARCHIVE DIR:  C:/xampp/htdocs/btlnhom2 
ARCHIVE FILE: btlnhom2_1d186d64b827709d3613180316150826_archive.zip 
FILTERS: *OFF* 
DIRS:
	not set 
FILES:
	not set 
EXTS:  not set 
---------------------------------------- 
COMPRESSING 
SIZE:	106.05MB 
STATS:	Dirs 843 | Files 6,126 
SQL ADDED: btlnhom2_1d186d64b827709d3613180316150826_database.sql 
ZipArchive Object
(
    [status] => 0
    [statusSys] => 0
    [numFiles] => 6969
    [filename] => C:\xampp\htdocs\btlnhom2\wp-snapshots\tmp\btlnhom2_1d186d64b827709d3613180316150826_archive.zip
    [comment] => 
)
 
COMPRESSION RESULT: '1' 
COMPRESSED SIZE: 50.83MB 
ARCHIVE RUNTIME: 80.48 sec. 
MEMORY STACK: 46.25MB 

******************************************************************************** 
MAKE INSTALLER: 
******************************************************************************** 
Build Start 
Build Finished 
Preping for use 
PACK SIZE:  
Template parsed with new data 
Complete [C:/xampp/htdocs/btlnhom2/wp-snapshots/tmp/btlnhom2_1d186d64b827709d3613180316150826_installer.php] 
Added to archive 

******************************************************************************** 
INTEGRITY CHECKS: 
******************************************************************************** 
SQL File: 1.08MB 
Installer File: 445.24KB 
Archive File: 50.83MB  

********************************************************************************
RECORD ID:[1]
TOTAL PROCESS RUNTIME: 83.90 sec.
PEAK PHP MEMORY USED: 48.25MB
DONE PROCESSING => btlnhom2 March 16, 2018 3:10 pm
 
